[16:00:31] [ServerMain/INFO]: Environment: Environment[sessionHost=https://sessionserver.mojang.com, servicesHost=https://api.minecraftservices.com, name=PROD]
[16:00:36] [Yggdrasil Key Fetcher/ERROR]: Failed to request yggdrasil public key
com.mojang.authlib.exceptions.MinecraftClientException: Failed to read from https://api.minecraftservices.com/publickeys due to Connect timed out
	at com.mojang.authlib.minecraft.client.MinecraftClient.readInputStream(MinecraftClient.java:108) ~[authlib-6.0.54.jar:?]
	at com.mojang.authlib.minecraft.client.MinecraftClient.get(MinecraftClient.java:57) ~[authlib-6.0.54.jar:?]
	at com.mojang.authlib.yggdrasil.YggdrasilServicesKeyInfo.fetch(YggdrasilServicesKeyInfo.java:114) ~[authlib-6.0.54.jar:?]
	at com.mojang.authlib.yggdrasil.YggdrasilServicesKeyInfo$1.run(YggdrasilServicesKeyInfo.java:89) ~[authlib-6.0.54.jar:?]
	at java.base/java.util.concurrent.Executors$RunnableAdapter.call(Executors.java:572) ~[?:?]
	at java.base/java.util.concurrent.FutureTask.run(FutureTask.java:317) ~[?:?]
	at java.base/java.util.concurrent.ScheduledThreadPoolExecutor$ScheduledFutureTask.run(ScheduledThreadPoolExecutor.java:304) ~[?:?]
	at java.base/java.util.concurrent.ThreadPoolExecutor.runWorker(ThreadPoolExecutor.java:1144) ~[?:?]
	at java.base/java.util.concurrent.ThreadPoolExecutor$Worker.run(ThreadPoolExecutor.java:642) ~[?:?]
	at java.base/java.lang.Thread.run(Thread.java:1570) [?:?]
Caused by: java.net.SocketTimeoutException: Connect timed out
	at java.base/sun.nio.ch.NioSocketImpl.timedFinishConnect(NioSocketImpl.java:546) ~[?:?]
	at java.base/sun.nio.ch.NioSocketImpl.connect(NioSocketImpl.java:592) ~[?:?]
	at java.base/java.net.SocksSocketImpl.connect(SocksSocketImpl.java:327) ~[?:?]
	at java.base/java.net.Socket.connect(Socket.java:752) ~[?:?]
	at java.base/sun.security.ssl.SSLSocketImpl.connect(SSLSocketImpl.java:304) ~[?:?]
	at java.base/sun.net.NetworkClient.doConnect(NetworkClient.java:178) ~[?:?]
	at java.base/sun.net.www.http.HttpClient.openServer(HttpClient.java:531) ~[?:?]
	at java.base/sun.net.www.http.HttpClient.openServer(HttpClient.java:636) ~[?:?]
	at java.base/sun.net.www.protocol.https.HttpsClient.<init>(HttpsClient.java:264) ~[?:?]
	at java.base/sun.net.www.protocol.https.HttpsClient.New(HttpsClient.java:377) ~[?:?]
	at java.base/sun.net.www.protocol.https.AbstractDelegateHttpsURLConnection.getNewHttpClient(AbstractDelegateHttpsURLConnection.java:193) ~[?:?]
	at java.base/sun.net.www.protocol.http.HttpURLConnection.plainConnect0(HttpURLConnection.java:1288) ~[?:?]
	at java.base/sun.net.www.protocol.http.HttpURLConnection.plainConnect(HttpURLConnection.java:1129) ~[?:?]
	at java.base/sun.net.www.protocol.https.AbstractDelegateHttpsURLConnection.connect(AbstractDelegateHttpsURLConnection.java:179) ~[?:?]
	at java.base/sun.net.www.protocol.http.HttpURLConnection.getInputStream0(HttpURLConnection.java:1691) ~[?:?]
	at java.base/sun.net.www.protocol.http.HttpURLConnection.getInputStream(HttpURLConnection.java:1615) ~[?:?]
	at java.base/java.net.HttpURLConnection.getResponseCode(HttpURLConnection.java:531) ~[?:?]
	at java.base/sun.net.www.protocol.https.HttpsURLConnectionImpl.getResponseCode(HttpsURLConnectionImpl.java:307) ~[?:?]
	at com.mojang.authlib.minecraft.client.MinecraftClient.readInputStream(MinecraftClient.java:84) ~[authlib-6.0.54.jar:?]
	... 9 more
[16:00:36] [ServerMain/INFO]: Loaded 1290 recipes
[16:00:37] [ServerMain/INFO]: Loaded 1399 advancements
[16:00:39] [Server thread/INFO]: Starting minecraft server version 1.21
[16:00:39] [Server thread/INFO]: Loading properties
[16:00:39] [Server thread/INFO]: Default game type: SURVIVAL
[16:00:39] [Server thread/INFO]: Generating keypair
[16:00:39] [Server thread/INFO]: Starting Minecraft server on *:25565
[16:00:40] [Server thread/INFO]: Using default channel type
[16:00:40] [Server thread/INFO]: Preparing level "world"
[16:00:42] [Server thread/INFO]: Preparing start region for dimension minecraft:overworld
[16:00:43] [Worker-Main-11/INFO]: Preparing spawn area: 0%
[16:00:43] [Worker-Main-11/INFO]: Preparing spawn area: 0%
[16:00:43] [Worker-Main-11/INFO]: Preparing spawn area: 0%
[16:00:44] [Server thread/INFO]: Time elapsed: 1524 ms
[16:00:44] [Server thread/INFO]: Done (3.594s)! For help, type "help"
[16:01:09] [Server thread/INFO]: /advancement (grant|revoke)
[16:01:09] [Server thread/INFO]: /attribute <target> <attribute> (get|base|modifier)
[16:01:09] [Server thread/INFO]: /execute (run|if|unless|as|at|store|positioned|rotated|facing|align|anchored|in|summon|on)
[16:01:09] [Server thread/INFO]: /bossbar (add|remove|list|set|get)
[16:01:09] [Server thread/INFO]: /clear [<targets>]
[16:01:09] [Server thread/INFO]: /clone (<begin>|from)
[16:01:09] [Server thread/INFO]: /damage <target> <amount> [<damageType>]
[16:01:09] [Server thread/INFO]: /data (merge|get|remove|modify)
[16:01:09] [Server thread/INFO]: /datapack (enable|disable|list)
[16:01:09] [Server thread/INFO]: /debug (start|stop|function)
[16:01:09] [Server thread/INFO]: /defaultgamemode <gamemode>
[16:01:09] [Server thread/INFO]: /difficulty [peaceful|easy|normal|hard]
[16:01:09] [Server thread/INFO]: /effect (clear|give)
[16:01:09] [Server thread/INFO]: /me <action>
[16:01:09] [Server thread/INFO]: /enchant <targets> <enchantment> [<level>]
[16:01:09] [Server thread/INFO]: /experience (add|set|query)
[16:01:09] [Server thread/INFO]: /xp -> experience
[16:01:09] [Server thread/INFO]: /fill <from> <to> <block> [replace|keep|outline|hollow|destroy]
[16:01:09] [Server thread/INFO]: /fillbiome <from> <to> <biome> [replace]
[16:01:09] [Server thread/INFO]: /forceload (add|remove|query)
[16:01:09] [Server thread/INFO]: /function <name> [<arguments>|with]
[16:01:09] [Server thread/INFO]: /gamemode <gamemode> [<target>]
[16:01:09] [Server thread/INFO]: /gamerule (announceAdvancements|blockExplosionDropDecay|commandBlockOutput|commandModificationBlockLimit|disableElytraMovementCheck|disableRaids|doDaylightCycle|doEntityDrops|doFireTick|doImmediateRespawn|doInsomnia|doLimitedCrafting|doMobLoot|doMobSpawning|doPatrolSpawning|doTileDrops|doTraderSpawning|doVinesSpread|doWardenSpawning|doWeatherCycle|drowningDamage|enderPearlsVanishOnDeath|fallDamage|fireDamage|forgiveDeadPlayers|freezeDamage|globalSoundEvents|keepInventory|lavaSourceConversion|logAdminCommands|maxCommandChainLength|maxCommandForkCount|maxEntityCramming|mobExplosionDropDecay|mobGriefing|naturalRegeneration|playersNetherPortalCreativeDelay|playersNetherPortalDefaultDelay|playersSleepingPercentage|projectilesCanBreakBlocks|randomTickSpeed|reducedDebugInfo|sendCommandFeedback|showDeathMessages|snowAccumulationHeight|spawnChunkRadius|spawnRadius|spectatorsGenerateChunks|tntExplosionDropDecay|universalAnger|waterSourceConversion)
[16:01:09] [Server thread/INFO]: /give <targets> <item> [<count>]
[16:01:09] [Server thread/INFO]: /help [<command>]
[16:01:09] [Server thread/INFO]: /item (replace|modify)
[16:01:09] [Server thread/INFO]: /kick <targets> [<reason>]
[16:01:09] [Server thread/INFO]: /kill [<targets>]
[16:01:09] [Server thread/INFO]: /list [uuids]
[16:01:09] [Server thread/INFO]: /locate (structure|biome|poi)
[16:01:09] [Server thread/INFO]: /loot (replace|insert|give|spawn)
[16:01:09] [Server thread/INFO]: /msg <targets> <message>
[16:01:09] [Server thread/INFO]: /tell -> msg
[16:01:09] [Server thread/INFO]: /w -> msg
[16:01:09] [Server thread/INFO]: /particle <name> [<pos>]
[16:01:09] [Server thread/INFO]: /place (feature|jigsaw|structure|template)
[16:01:09] [Server thread/INFO]: /playsound <sound> [master|music|record|weather|block|hostile|neutral|player|ambient|voice]
[16:01:09] [Server thread/INFO]: /random (value|roll|reset)
[16:01:09] [Server thread/INFO]: /reload
[16:01:09] [Server thread/INFO]: /recipe (give|take)
[16:01:09] [Server thread/INFO]: /return (<value>|fail|run)
[16:01:09] [Server thread/INFO]: /ride <target> (mount|dismount)
[16:01:09] [Server thread/INFO]: /say <message>
[16:01:09] [Server thread/INFO]: /schedule (function|clear)
[16:01:09] [Server thread/INFO]: /scoreboard (objectives|players)
[16:01:09] [Server thread/INFO]: /seed
[16:01:09] [Server thread/INFO]: /setblock <pos> <block> [destroy|keep|replace]
[16:01:09] [Server thread/INFO]: /spawnpoint [<targets>]
[16:01:09] [Server thread/INFO]: /setworldspawn [<pos>]
[16:01:09] [Server thread/INFO]: /spectate [<target>]
[16:01:09] [Server thread/INFO]: /spreadplayers <center> <spreadDistance> <maxRange> (<respectTeams>|under)
[16:01:09] [Server thread/INFO]: /stopsound <targets> [*|master|music|record|weather|block|hostile|neutral|player|ambient|voice]
[16:01:09] [Server thread/INFO]: /summon <entity> [<pos>]
[16:01:09] [Server thread/INFO]: /tag <targets> (add|remove|list)
[16:01:09] [Server thread/INFO]: /team (list|add|remove|empty|join|leave|modify)
[16:01:09] [Server thread/INFO]: /teammsg <message>
[16:01:09] [Server thread/INFO]: /tm -> teammsg
[16:01:09] [Server thread/INFO]: /teleport (<location>|<destination>|<targets>)
[16:01:09] [Server thread/INFO]: /tp -> teleport
[16:01:09] [Server thread/INFO]: /tellraw <targets> <message>
[16:01:09] [Server thread/INFO]: /tick (query|rate|step|sprint|unfreeze|freeze)
[16:01:09] [Server thread/INFO]: /time (set|add|query)
[16:01:09] [Server thread/INFO]: /title <targets> (clear|reset|title|subtitle|actionbar|times)
[16:01:09] [Server thread/INFO]: /trigger <objective> [add|set]
[16:01:09] [Server thread/INFO]: /weather (clear|rain|thunder)
[16:01:09] [Server thread/INFO]: /worldborder (add|set|center|damage|get|warning)
[16:01:09] [Server thread/INFO]: /jfr (start|stop)
[16:01:09] [Server thread/INFO]: /ban-ip <target> [<reason>]
[16:01:09] [Server thread/INFO]: /banlist [ips|players]
[16:01:09] [Server thread/INFO]: /ban <targets> [<reason>]
[16:01:09] [Server thread/INFO]: /deop <targets>
[16:01:09] [Server thread/INFO]: /op <targets>
[16:01:09] [Server thread/INFO]: /pardon <targets>
[16:01:09] [Server thread/INFO]: /pardon-ip <target>
[16:01:09] [Server thread/INFO]: /perf (start|stop)
[16:01:09] [Server thread/INFO]: /save-all [flush]
[16:01:09] [Server thread/INFO]: /save-off
[16:01:09] [Server thread/INFO]: /save-on
[16:01:09] [Server thread/INFO]: /setidletimeout <minutes>
[16:01:09] [Server thread/INFO]: /stop
[16:01:09] [Server thread/INFO]: /transfer <hostname> [<port>]
[16:01:09] [Server thread/INFO]: /whitelist (on|off|list|add|remove|reload)
[16:01:14] [Server thread/INFO]: Stopping the server
[16:01:14] [Server thread/INFO]: Stopping server
[16:01:14] [Server thread/INFO]: Saving players
[16:01:14] [Server thread/INFO]: Saving worlds
[16:01:14] [Server thread/INFO]: Saving chunks for level 'ServerLevel[world]'/minecraft:overworld
[16:01:14] [Server thread/INFO]: Saving chunks for level 'ServerLevel[world]'/minecraft:the_nether
[16:01:14] [Server thread/INFO]: Saving chunks for level 'ServerLevel[world]'/minecraft:the_end
[16:01:14] [Server thread/INFO]: ThreadedAnvilChunkStorage (world): All chunks are saved
[16:01:14] [Server thread/INFO]: ThreadedAnvilChunkStorage (DIM-1): All chunks are saved
[16:01:14] [Server thread/INFO]: ThreadedAnvilChunkStorage (DIM1): All chunks are saved
[16:01:14] [Server thread/INFO]: ThreadedAnvilChunkStorage: All dimensions are saved
